<?xml version="1.0" encoding="UTF-8"?>
<testsuite xmlns:xsi="http://www.w3.org/2001/XMLSchema-instance" xsi:noNamespaceSchemaLocation="https://maven.apache.org/surefire/maven-surefire-plugin/xsd/surefire-test-report-3.0.xsd" version="3.0" name="com.thrid.party.codec.demo.ProtocolServiceImplTest" time="0.46" tests="4" errors="0" skipped="0" failures="0">
  <properties>
    <property name="sun.desktop" value="windows"/>
    <property name="awt.toolkit" value="sun.awt.windows.WToolkit"/>
    <property name="file.encoding.pkg" value="sun.io"/>
    <property name="java.specification.version" value="1.8"/>
    <property name="sun.cpu.isalist" value="amd64"/>
    <property name="sun.jnu.encoding" value="GBK"/>
    <property name="java.class.path" value="E:\glm\编解码\github\decoder\CS-iTVP-05\Parking_Chinastar_CSiTVP05\target\test-classes;E:\glm\编解码\github\decoder\CS-iTVP-05\Parking_Chinastar_CSiTVP05\target\classes;D:\web\maven\repo\junit\junit\4.11\junit-4.11.jar;D:\web\maven\repo\org\hamcrest\hamcrest-core\1.3\hamcrest-core-1.3.jar;D:\web\maven\repo\org\slf4j\slf4j-api\1.7.6\slf4j-api-1.7.6.jar;D:\web\maven\repo\com\fasterxml\jackson\core\jackson-databind\2.7.4\jackson-databind-2.7.4.jar;D:\web\maven\repo\com\fasterxml\jackson\core\jackson-annotations\2.7.0\jackson-annotations-2.7.0.jar;D:\web\maven\repo\com\fasterxml\jackson\core\jackson-core\2.7.4\jackson-core-2.7.4.jar;E:\glm\编解码\github\decoder\CS-iTVP-05\Parking_Chinastar_CSiTVP05\lib\com.huawei.m2m.cig.tup-1.3.1.jar;D:\web\maven\repo\net\sf\json-lib\json-lib\2.4\json-lib-2.4-jdk15.jar;D:\web\maven\repo\commons-beanutils\commons-beanutils\1.8.0\commons-beanutils-1.8.0.jar;D:\web\maven\repo\commons-collections\commons-collections\3.2.1\commons-collections-3.2.1.jar;D:\web\maven\repo\commons-lang\commons-lang\2.5\commons-lang-2.5.jar;D:\web\maven\repo\commons-logging\commons-logging\1.1.1\commons-logging-1.1.1.jar;D:\web\maven\repo\net\sf\ezmorph\ezmorph\1.0.6\ezmorph-1.0.6.jar;"/>
    <property name="java.vm.vendor" value="Oracle Corporation"/>
    <property name="sun.arch.data.model" value="64"/>
    <property name="user.variant" value=""/>
    <property name="java.vendor.url" value="http://java.oracle.com/"/>
    <property name="user.timezone" value="Asia/Shanghai"/>
    <property name="java.vm.specification.version" value="1.8"/>
    <property name="os.name" value="Windows 7"/>
    <property name="user.country" value="CN"/>
    <property name="sun.java.launcher" value="SUN_STANDARD"/>
    <property name="sun.boot.library.path" value="C:\Program Files\Java\jdk1.8.0_171\jre\bin"/>
    <property name="sun.java.command" value="C:\Users\gaowendong\AppData\Local\Temp\surefire3052512350306979400\surefirebooter6503627953172472130.jar C:\Users\gaowendong\AppData\Local\Temp\surefire3052512350306979400 2019-11-08T08-47-45_268-jvmRun1 surefire5491040128087191641tmp surefire_06941908091723871118tmp"/>
    <property name="surefire.test.class.path" value="E:\glm\编解码\github\decoder\CS-iTVP-05\Parking_Chinastar_CSiTVP05\target\test-classes;E:\glm\编解码\github\decoder\CS-iTVP-05\Parking_Chinastar_CSiTVP05\target\classes;D:\web\maven\repo\junit\junit\4.11\junit-4.11.jar;D:\web\maven\repo\org\hamcrest\hamcrest-core\1.3\hamcrest-core-1.3.jar;D:\web\maven\repo\org\slf4j\slf4j-api\1.7.6\slf4j-api-1.7.6.jar;D:\web\maven\repo\com\fasterxml\jackson\core\jackson-databind\2.7.4\jackson-databind-2.7.4.jar;D:\web\maven\repo\com\fasterxml\jackson\core\jackson-annotations\2.7.0\jackson-annotations-2.7.0.jar;D:\web\maven\repo\com\fasterxml\jackson\core\jackson-core\2.7.4\jackson-core-2.7.4.jar;E:\glm\编解码\github\decoder\CS-iTVP-05\Parking_Chinastar_CSiTVP05\lib\com.huawei.m2m.cig.tup-1.3.1.jar;D:\web\maven\repo\net\sf\json-lib\json-lib\2.4\json-lib-2.4-jdk15.jar;D:\web\maven\repo\commons-beanutils\commons-beanutils\1.8.0\commons-beanutils-1.8.0.jar;D:\web\maven\repo\commons-collections\commons-collections\3.2.1\commons-collections-3.2.1.jar;D:\web\maven\repo\commons-lang\commons-lang\2.5\commons-lang-2.5.jar;D:\web\maven\repo\commons-logging\commons-logging\1.1.1\commons-logging-1.1.1.jar;D:\web\maven\repo\net\sf\ezmorph\ezmorph\1.0.6\ezmorph-1.0.6.jar;"/>
    <property name="sun.cpu.endian" value="little"/>
    <property name="user.home" value="C:\Users\gaowendong"/>
    <property name="user.language" value="zh"/>
    <property name="java.specification.vendor" value="Oracle Corporation"/>
    <property name="java.home" value="C:\Program Files\Java\jdk1.8.0_171\jre"/>
    <property name="basedir" value="E:\glm\编解码\github\decoder\CS-iTVP-05\Parking_Chinastar_CSiTVP05"/>
    <property name="file.separator" value="\"/>
    <property name="line.separator" value="&#10;"/>
    <property name="java.vm.specification.vendor" value="Oracle Corporation"/>
    <property name="java.specification.name" value="Java Platform API Specification"/>
    <property name="java.awt.graphicsenv" value="sun.awt.Win32GraphicsEnvironment"/>
    <property name="surefire.real.class.path" value="C:\Users\gaowendong\AppData\Local\Temp\surefire3052512350306979400\surefirebooter6503627953172472130.jar"/>
    <property name="sun.boot.class.path" value="C:\Program Files\Java\jdk1.8.0_171\jre\lib\resources.jar;C:\Program Files\Java\jdk1.8.0_171\jre\lib\rt.jar;C:\Program Files\Java\jdk1.8.0_171\jre\lib\sunrsasign.jar;C:\Program Files\Java\jdk1.8.0_171\jre\lib\jsse.jar;C:\Program Files\Java\jdk1.8.0_171\jre\lib\jce.jar;C:\Program Files\Java\jdk1.8.0_171\jre\lib\charsets.jar;C:\Program Files\Java\jdk1.8.0_171\jre\lib\jfr.jar;C:\Program Files\Java\jdk1.8.0_171\jre\classes"/>
    <property name="user.script" value=""/>
    <property name="sun.management.compiler" value="HotSpot 64-Bit Tiered Compilers"/>
    <property name="java.runtime.version" value="1.8.0_171-b11"/>
    <property name="user.name" value="gaowendong"/>
    <property name="path.separator" value=";"/>
    <property name="os.version" value="6.1"/>
    <property name="java.endorsed.dirs" value="C:\Program Files\Java\jdk1.8.0_171\jre\lib\endorsed"/>
    <property name="java.runtime.name" value="Java(TM) SE Runtime Environment"/>
    <property name="file.encoding" value="GBK"/>
    <property name="java.vm.name" value="Java HotSpot(TM) 64-Bit Server VM"/>
    <property name="localRepository" value="D:\web\maven\repo"/>
    <property name="java.vendor.url.bug" value="http://bugreport.sun.com/bugreport/"/>
    <property name="java.io.tmpdir" value="C:\Users\GAOWEN~1\AppData\Local\Temp\"/>
    <property name="java.version" value="1.8.0_171"/>
    <property name="user.dir" value="E:\glm\编解码\github\decoder\CS-iTVP-05\Parking_Chinastar_CSiTVP05"/>
    <property name="os.arch" value="amd64"/>
    <property name="java.vm.specification.name" value="Java Virtual Machine Specification"/>
    <property name="java.awt.printerjob" value="sun.awt.windows.WPrinterJob"/>
    <property name="sun.os.patch.level" value="Service Pack 1"/>
    <property name="java.library.path" value="C:\Program Files\Java\jdk1.8.0_171\jre\bin;C:\Windows\Sun\Java\bin;C:\Windows\system32;C:\Windows;C:\Program Files (x86)\Common Files\Oracle\Java\javapath;C:\Program Files (x86)\Intel\iCLS Client\;C:\Program Files\Intel\iCLS Client\;C:\Program Files (x86)\NVIDIA Corporation\PhysX\Common;C:\Windows\system32;C:\Windows;C:\Windows\System32\Wbem;C:\Windows\System32\WindowsPowerShell\v1.0\;C:\Program Files\Intel\Intel(R) Management Engine Components\DAL;C:\Program Files\Intel\Intel(R) Management Engine Components\IPT;C:\Program Files (x86)\Intel\Intel(R) Management Engine Components\DAL;C:\Program Files (x86)\Intel\Intel(R) Management Engine Components\IPT;C:\Users\gaowendong\AppData\Local\Android\sdk\tools\bin;C:\Users\gaowendong\AppData\Local\Android\sdk\platform-tools;D:\git_tool\Git\cmd;C:\Program Files\MySQL\MySQL Server 5.6\bin;D:\svn\bin;C:\Program Files\MySQL\MySQL Enterprise Backup 3.10.1\;C:\Program Files (x86)\MySQL\MySQL Utilities 1.3.6\;D:\web\maven\apache-maven-3.5.2\bin;C:\Program Files\Java\jdk1.8.0_171\bin;C:\Program Files\Java\jdk1.8.0_171\jre\bin;;C:\Program Files\IVI Foundation\VISA\Win64\bin;C:\Program Files (x86)\IVI Foundation\VISA\WinNT\ktvisa;C:\Program Files (x86)\IVI Foundation\VISA\WinNT\bin;C:\Program Files (x86)\IVI Foundation\IVI\bin;C:\Program Files\IVI Foundation\IVI\bin;C:\Program Files (x86)\IVI Foundation\VISA\WinNT\Bin\;C:\Program Files\IVI Foundation\VISA\Win64\Bin\;C:\Program Files (x86)\IVI Foundation\VISA\winnt\agvisa;D:\Program Files (x86)\apache-maven-3.5.3bin;E:\Battery Historian\Go\bin;C:\Users\gaowendong\python;E:\glm\python;C:\Users\gaowendong\AppData\Local\Programs\Python\Python36-32\Scripts\;C:\Users\gaowendong\AppData\Local\Programs\Python\Python36-32\;C:\Program Files\Java\jre1.8.0_171;D:\Program Files (x86)\apache-maven-3.5.3\bin;E:\profarmies\flutter_windows_v0.4.4-beta\flutter\bin;C:\Users\gaowendong\go\bin;."/>
    <property name="java.vm.info" value="mixed mode"/>
    <property name="java.vendor" value="Oracle Corporation"/>
    <property name="java.vm.version" value="25.171-b11"/>
    <property name="java.ext.dirs" value="C:\Program Files\Java\jdk1.8.0_171\jre\lib\ext;C:\Windows\Sun\Java\lib\ext"/>
    <property name="sun.io.unicode.encoding" value="UnicodeLittle"/>
    <property name="java.class.version" value="52.0"/>
  </properties>
  <testcase name="testDecodeDevicePowerOn" classname="com.thrid.party.codec.demo.ProtocolServiceImplTest" time="0.44"/>
  <testcase name="testDecodeDeviceReportData" classname="com.thrid.party.codec.demo.ProtocolServiceImplTest" time="0"/>
  <testcase name="testEncodeIoTSendCommand" classname="com.thrid.party.codec.demo.ProtocolServiceImplTest" time="0"/>
  <testcase name="testEncodeIoTResponseDevice" classname="com.thrid.party.codec.demo.ProtocolServiceImplTest" time="0.01"/>
</testsuite>